  EBO.cpp
C:\Users\Usuario\source\repos\Maleja1312\OpenGL\EBO.h(9,11): error C2039: "vector": no es un miembro de "std"
  (compilando archivo de origen "EBO.cpp")
      C:\Users\Usuario\source\repos\Maleja1312\OpenGL\predefined C++ types (compiler internal)(359,11):
      vea la declaración de 'std'
  
C:\Users\Usuario\source\repos\Maleja1312\OpenGL\EBO.h(9,11): error C7568: falta la lista de argumentos después de la plantilla de función supuesta "vector"
  (compilando archivo de origen "EBO.cpp")
  
C:\Users\Usuario\source\repos\Maleja1312\OpenGL\EBO.h(9,11): error C2061: error de sintaxis: identificador 'vector'
  (compilando archivo de origen "EBO.cpp")
  
C:\Users\Usuario\source\repos\Maleja1312\OpenGL\EBO.cpp(7,6): error C2511: 'EBO::EBO(std::vector<GLuint,std::allocator<GLuint>>)': la función miembro sobrecargada no se ha encontrado en 'EBO'
      C:\Users\Usuario\source\repos\Maleja1312\OpenGL\EBO.h(6,7):
      vea la declaración de 'EBO'
  
C:\Users\Usuario\source\repos\Maleja1312\OpenGL\EBO.cpp(8,19): error C2597: referencia no válida a miembro no static 'EBO::ID'
      C:\Users\Usuario\source\repos\Maleja1312\OpenGL\EBO.h(8,9):
      vea la declaración de 'EBO::ID'
  
C:\Users\Usuario\source\repos\Maleja1312\OpenGL\EBO.cpp(8,19): error C2102: '&' necesita valor L
C:\Users\Usuario\source\repos\Maleja1312\OpenGL\EBO.cpp(9,40): error C2597: referencia no válida a miembro no static 'EBO::ID'
      C:\Users\Usuario\source\repos\Maleja1312\OpenGL\EBO.h(8,9):
      vea la declaración de 'EBO::ID'
  
  Main.cpp
C:\Program Files\Microsoft Visual Studio\18\Community\VC\Tools\MSVC\14.50.35717\include\xmemory(734,14): error C2672: 'std::construct_at': no se encontró una función sobrecargada que coincida
  (compilando archivo de origen "Main.cpp")
      C:\Program Files\Microsoft Visual Studio\18\Community\VC\Tools\MSVC\14.50.35717\include\xutility(507,16):
      puede ser '_Ty *std::construct_at(_Ty *const ,_Types ...) noexcept(<expr>)'
          C:\Program Files\Microsoft Visual Studio\18\Community\VC\Tools\MSVC\14.50.35717\include\xmemory(734,14):
          no se cumplen las restricciones asociadas
              C:\Program Files\Microsoft Visual Studio\18\Community\VC\Tools\MSVC\14.50.35717\include\xutility(505,50):
              'inicializando': no se puede realizar la conversión de 'initializer list' a 'Vertex'
                  C:\Program Files\Microsoft Visual Studio\18\Community\VC\Tools\MSVC\14.50.35717\include\xutility(505,50):
                  Inicialización de agregados no válida
                      C:\Program Files\Microsoft Visual Studio\18\Community\VC\Tools\MSVC\14.50.35717\include\xutility(505,71):
                      'inicializando': no se puede realizar la conversión de 'float' a 'glm::vec3'
                          C:\Program Files\Microsoft Visual Studio\18\Community\VC\Tools\MSVC\14.50.35717\include\xutility(505,71):
                          El constructor de struct 'glm::tvec3<float,glm::packed_highp>' está declarado como 'explicit'
          C:\Program Files\Microsoft Visual Studio\18\Community\VC\Tools\MSVC\14.50.35717\include\xutility(505,71):
          "glm::tvec3<float,glm::packed_highp>::tvec3(const glm::tvec3<U,Q> &)": no se pudo deducir el argumento plantilla para "const glm::tvec3<U,Q> &" de "float"
          C:\Program Files\Microsoft Visual Studio\18\Community\VC\Tools\MSVC\14.50.35717\include\xutility(505,71):
          "glm::tvec3<float,glm::packed_highp>::tvec3(const glm::tvec4<U,Q> &)": no se pudo deducir el argumento plantilla para "const glm::tvec4<U,Q> &" de "float"
          C:\Program Files\Microsoft Visual Studio\18\Community\VC\Tools\MSVC\14.50.35717\include\xutility(505,71):
          "glm::tvec3<float,glm::packed_highp>::tvec3(const glm::tvec1<A,Q> &,const glm::tvec2<B,Q> &)": espera 2 argumentos - 1 proporcionado
          C:\Program Files\Microsoft Visual Studio\18\Community\VC\Tools\MSVC\14.50.35717\include\xutility(505,71):
          "glm::tvec3<float,glm::packed_highp>::tvec3(A,const glm::tvec2<B,Q> &)": espera 2 argumentos - 1 proporcionado
          C:\Program Files\Microsoft Visual Studio\18\Community\VC\Tools\MSVC\14.50.35717\include\xutility(505,71):
          "glm::tvec3<float,glm::packed_highp>::tvec3(const glm::tvec2<A,Q> &,const glm::tvec1<B,Q> &)": espera 2 argumentos - 1 proporcionado
          C:\Program Files\Microsoft Visual Studio\18\Community\VC\Tools\MSVC\14.50.35717\include\xutility(505,71):
          "glm::tvec3<float,glm::packed_highp>::tvec3(const glm::tvec2<A,Q> &,B)": espera 2 argumentos - 1 proporcionado
          C:\Program Files\Microsoft Visual Studio\18\Community\VC\Tools\MSVC\14.50.35717\include\xutility(505,71):
          "glm::tvec3<float,glm::packed_highp>::tvec3(const glm::tvec1<A,glm::packed_highp> &,const glm::tvec1<B,glm::packed_highp> &,const glm::tvec1<C,glm::packed_highp> &)": espera 3 argumentos - 1 proporcionado
          C:\Program Files\Microsoft Visual Studio\18\Community\VC\Tools\MSVC\14.50.35717\include\xutility(505,71):
          "glm::tvec3<float,glm::packed_highp>::tvec3(A,B,C)": espera 3 argumentos - 1 proporcionado
          C:\Program Files\Microsoft Visual Studio\18\Community\VC\Tools\MSVC\14.50.35717\include\xutility(505,71):
          "glm::tvec3<float,glm::packed_highp>::tvec3(const glm::tvec3<T,Q> &)": no se pudo deducir el argumento plantilla para "const glm::tvec3<T,Q> &" de "float"
          with
          [
              T=float
          ]
      C:\Program Files\Microsoft Visual Studio\18\Community\VC\Tools\MSVC\14.50.35717\include\xmemory(734,14):
      el contexto de creación de instancias de la plantilla (el más antiguo primero) es
          C:\Users\Usuario\source\repos\Maleja1312\OpenGL\Main.cpp(174,27):
          Vea la referencia a la creación de una instancia de la función plantilla "std::vector<Vertex,std::allocator<Vertex>>::vector<float*,0>(_Iter,_Iter,const _Alloc &)" que se está compilando
          with
          [
              _Iter=float *,
              _Alloc=std::allocator<Vertex>
          ]
              C:\Users\Usuario\source\repos\Maleja1312\OpenGL\Main.cpp(174,27):
              vea la primera referencia a “std::vector<Vertex,std::allocator<Vertex>>::vector” en “main”
          C:\Program Files\Microsoft Visual Studio\18\Community\VC\Tools\MSVC\14.50.35717\include\vector(700,13):
          Vea la referencia a la creación de una instancia de la función plantilla "void std::vector<Vertex,std::allocator<Vertex>>::_Construct_n<float*,float*>(const unsigned __int64,float *&&,float *&&)" que se está compilando
          C:\Program Files\Microsoft Visual Studio\18\Community\VC\Tools\MSVC\14.50.35717\include\vector(2120,41):
          Vea la referencia a la creación de una instancia de la función plantilla "Vertex *std::_Uninitialized_copy<_Ty,_Ty,std::allocator<Vertex>>(_InIt,_Se,Vertex *,_Alloc &)" que se está compilando
          with
          [
              _Ty=float *,
              _InIt=float *,
              _Se=float *,
              _Alloc=std::allocator<Vertex>
          ]
          C:\Program Files\Microsoft Visual Studio\18\Community\VC\Tools\MSVC\14.50.35717\include\xmemory(1922,18):
          Vea la referencia a la creación de una instancia de la función plantilla "void std::_Uninitialized_backout_al<std::allocator<Vertex>>::_Emplace_back<float&>(float &)" que se está compilando
          C:\Program Files\Microsoft Visual Studio\18\Community\VC\Tools\MSVC\14.50.35717\include\xmemory(1864,35):
          Vea la referencia a la creación de una instancia de la función plantilla "void std::_Default_allocator_traits<_Alloc>::construct<_Ty,float&>(_Alloc &,_Objty *const ,float &)" que se está compilando
          with
          [
              _Alloc=std::allocator<Vertex>,
              _Ty=Vertex,
              _Objty=Vertex
          ]
  
  Generando código...
